{
  "RSpec": {
    "coverage": {
      "/Users/omistaja/ratebeer/app/models/style.rb": [
        1,
        1,
        1,
        1,
        null,
        1,
        7,
        null,
        null,
        1,
        4,
        2,
        null,
        null
      ],
      "/Users/omistaja/ratebeer/app/models/concerns/average_rating.rb": [
        null,
        1,
        1,
        1,
        24,
        15,
        null,
        21,
        9,
        null,
        null,
        null
      ],
      "/Users/omistaja/ratebeer/app/models/user.rb": [
        1,
        1,
        1,
        1,
        null,
        1,
        1,
        1,
        1,
        1,
        1,
        null,
        1,
        24,
        null,
        null,
        1,
        45,
        4,
        null,
        null,
        null,
        null,
        1,
        5,
        4,
        null,
        null,
        1,
        32,
        37,
        17,
        22,
        null,
        17,
        20,
        null,
        37,
        null,
        null,
        null,
        null,
        1,
        30,
        31,
        15,
        18,
        null,
        15,
        16,
        null,
        31,
        null,
        null,
        1,
        4,
        2,
        null,
        null,
        null
      ],
      "/Users/omistaja/ratebeer/app/models/rating.rb": [
        1,
        1,
        1,
        null,
        1,
        null,
        null,
        null,
        1,
        0,
        null,
        null
      ],
      "/Users/omistaja/ratebeer/app/models/brewery.rb": [
        null,
        1,
        1,
        null,
        1,
        1,
        null,
        1,
        1,
        null,
        4,
        4,
        null,
        1,
        0,
        0,
        0,
        null,
        null,
        1,
        0,
        0,
        null,
        null,
        1,
        4,
        0,
        null,
        10,
        4,
        null,
        null,
        1,
        31,
        0,
        null,
        null,
        null,
        1,
        4,
        2,
        null,
        null,
        null,
        null,
        1,
        2,
        null,
        null,
        null
      ],
      "/Users/omistaja/ratebeer/app/models/beer.rb": [
        null,
        1,
        1,
        1,
        1,
        1,
        1,
        1,
        1,
        null,
        1,
        9,
        2,
        null,
        14,
        7,
        null,
        null,
        1,
        4,
        null,
        null,
        1,
        0,
        null,
        null,
        1,
        6,
        2,
        null,
        null,
        null
      ],
      "/Users/omistaja/ratebeer/app/helpers/application_helper.rb": [
        1,
        1,
        1,
        0,
        0,
        null,
        0,
        null,
        null,
        null,
        1,
        8,
        null,
        null,
        null,
        null
      ],
      "/Users/omistaja/ratebeer/app/helpers/beer_clubs_helper.rb": [
        1,
        null
      ],
      "/Users/omistaja/ratebeer/app/helpers/beers_helper.rb": [
        1,
        null
      ],
      "/Users/omistaja/ratebeer/app/helpers/breweries_helper.rb": [
        1,
        null
      ],
      "/Users/omistaja/ratebeer/app/helpers/styles_helper.rb": [
        1,
        null
      ],
      "/Users/omistaja/ratebeer/app/helpers/users_helper.rb": [
        1,
        null
      ],
      "/Users/omistaja/ratebeer/app/controllers/styles_controller.rb": [
        1,
        1,
        null,
        null,
        null,
        1,
        1,
        null,
        null,
        null,
        null,
        1,
        null,
        null,
        null,
        1,
        1,
        null,
        null,
        null,
        1,
        null,
        null,
        null,
        null,
        1,
        0,
        null,
        0,
        0,
        0,
        0,
        null,
        0,
        0,
        null,
        null,
        null,
        null,
        null,
        null,
        1,
        0,
        0,
        0,
        0,
        null,
        0,
        0,
        null,
        null,
        null,
        null,
        null,
        null,
        1,
        0,
        0,
        0,
        0,
        null,
        null,
        null,
        1,
        null,
        1,
        0,
        null,
        null,
        null,
        1,
        0,
        null,
        null
      ],
      "/Users/omistaja/ratebeer/app/controllers/application_controller.rb": [
        1,
        null,
        null,
        1,
        null,
        1,
        null,
        1,
        159,
        125,
        null,
        null,
        1,
        4,
        null,
        null
      ],
      "/Users/omistaja/ratebeer/app/controllers/sessions_controller.rb": [
        1,
        1,
        null,
        null,
        null,
        1,
        12,
        12,
        11,
        0,
        null,
        11,
        11,
        null,
        null,
        1,
        null,
        null,
        null,
        null,
        1,
        0,
        0,
        null,
        null,
        null
      ],
      "/Users/omistaja/ratebeer/app/controllers/users_controller.rb": [
        1,
        1,
        null,
        null,
        null,
        1,
        0,
        null,
        null,
        null,
        null,
        1,
        null,
        null,
        null,
        1,
        1,
        null,
        null,
        null,
        1,
        null,
        null,
        1,
        0,
        0,
        0,
        0,
        null,
        null,
        null,
        null,
        1,
        1,
        1,
        1,
        null,
        1,
        1,
        2,
        1,
        null,
        0,
        0,
        null,
        null,
        null,
        null,
        null,
        null,
        1,
        0,
        0,
        0,
        0,
        null,
        0,
        0,
        null,
        null,
        null,
        null,
        null,
        null,
        null,
        null,
        1,
        0,
        0,
        0,
        0,
        0,
        null,
        0,
        null,
        null,
        null,
        1,
        null,
        1,
        19,
        null,
        null,
        null,
        1,
        1,
        null,
        null
      ],
      "/Users/omistaja/ratebeer/app/models/membership.rb": [
        1,
        1,
        1,
        null,
        null,
        null,
        null,
        1,
        null,
        0,
        0,
        null,
        null,
        null
      ],
      "/Users/omistaja/ratebeer/app/models/beer_club.rb": [
        1,
        1,
        1,
        null,
        1,
        0,
        null,
        null
      ],
      "/Users/omistaja/ratebeer/app/controllers/beers_controller.rb": [
        1,
        1,
        1,
        1,
        null,
        null,
        1,
        1,
        null,
        null,
        null,
        null,
        1,
        0,
        0,
        null,
        null,
        null,
        1,
        2,
        2,
        null,
        null,
        null,
        1,
        0,
        null,
        null,
        null,
        null,
        1,
        2,
        null,
        2,
        2,
        2,
        1,
        null,
        1,
        2,
        1,
        null,
        null,
        null,
        null,
        null,
        null,
        1,
        0,
        0,
        0,
        0,
        null,
        0,
        0,
        null,
        null,
        null,
        null,
        null,
        null,
        1,
        0,
        0,
        0,
        0,
        null,
        null,
        null,
        1,
        5,
        5,
        null,
        null,
        1,
        null,
        1,
        0,
        null,
        null,
        null,
        null,
        1,
        2,
        null,
        null
      ],
      "/Users/omistaja/ratebeer/app/controllers/breweries_controller.rb": [
        1,
        1,
        1,
        null,
        null,
        1,
        3,
        3,
        null,
        null,
        null,
        null,
        1,
        null,
        null,
        null,
        null,
        null,
        null,
        1,
        0,
        null,
        null,
        null,
        1,
        null,
        null,
        null,
        null,
        1,
        0,
        null,
        0,
        0,
        0,
        0,
        null,
        0,
        0,
        null,
        null,
        null,
        null,
        null,
        null,
        1,
        0,
        0,
        0,
        0,
        null,
        0,
        0,
        null,
        null,
        null,
        null,
        null,
        null,
        1,
        0,
        0,
        0,
        0,
        null,
        null,
        null,
        1,
        0,
        null,
        null,
        0,
        0,
        null,
        0,
        null,
        null,
        null,
        1,
        null,
        1,
        0,
        null,
        null,
        null,
        null,
        1,
        0,
        null,
        null,
        null
      ],
      "/Users/omistaja/ratebeer/lib/beermapping_api.rb": [
        1,
        1,
        2,
        4,
        null,
        null,
        1,
        null,
        1,
        2,
        null,
        0,
        0,
        null,
        0,
        null,
        0,
        0,
        0,
        null,
        null,
        null,
        1,
        2,
        0,
        null,
        null,
        null,
        null
      ],
      "/Users/omistaja/ratebeer/app/models/place.rb": [
        1,
        1,
        5,
        null,
        null
      ],
      "/Users/omistaja/ratebeer/app/controllers/places_controller.rb": [
        1,
        null,
        1,
        null,
        null,
        null,
        1,
        0,
        0,
        null,
        null,
        1,
        3,
        3,
        3,
        1,
        null,
        2,
        null,
        null,
        null,
        null
      ],
      "/Users/omistaja/ratebeer/app/controllers/ratings_controller.rb": [
        1,
        1,
        2,
        null,
        null,
        1,
        1,
        1,
        null,
        null,
        1,
        1,
        null,
        1,
        0,
        1,
        1,
        1,
        null,
        0,
        0,
        null,
        null,
        null,
        1,
        1,
        1,
        1,
        null,
        null,
        null
      ],
      "/Users/omistaja/ratebeer/app/controllers/beer_clubs_controller.rb": [
        0,
        0,
        0,
        0,
        0,
        0,
        0,
        0,
        0,
        0,
        0,
        0,
        0,
        0,
        0,
        0,
        0,
        0,
        0,
        0,
        0,
        0,
        0,
        0,
        0,
        0,
        0,
        0,
        0,
        0,
        0,
        0,
        0,
        0,
        0,
        0,
        0,
        0,
        0,
        0,
        0,
        0,
        0,
        0,
        0,
        0,
        0,
        0,
        0,
        0,
        0,
        0,
        0,
        0,
        0,
        0,
        0,
        0,
        0,
        0,
        0,
        0,
        0,
        0,
        0,
        0,
        0,
        0,
        0,
        0,
        0,
        0,
        0,
        0,
        0,
        0,
        0,
        0,
        0,
        0,
        0,
        0,
        0
      ],
      "/Users/omistaja/ratebeer/app/controllers/memberships_controller.rb": [
        0,
        0,
        0,
        0,
        0,
        0,
        0,
        0,
        0,
        0,
        0,
        0,
        0,
        0,
        0,
        0,
        0,
        0,
        0,
        0,
        0,
        0,
        0,
        0,
        0,
        0,
        0,
        0,
        0,
        0,
        0,
        0,
        0
      ]
    },
    "timestamp": 1487942444
  }
}
